<?xml version="1.0" encoding="UTF-8"?>
<testng-results ignored="0" total="1" passed="1" failed="0" skipped="0">
  <reporter-output>
  </reporter-output>
  <suite started-at="2024-02-10T00:18:38 IST" name="Default suite" finished-at="2024-02-10T00:18:40 IST" duration-ms="1771">
    <groups>
    </groups>
    <test started-at="2024-02-10T00:18:38 IST" name="Default test" finished-at="2024-02-10T00:18:40 IST" duration-ms="1771">
      <class name="Day4_ParsingJSonResponse.ParsingJsonResponse">
        <test-method signature="parsingResponseWithSimpleApproach2()[pri:0, instance:Day4_ParsingJSonResponse.ParsingJsonResponse@156b88f5]" started-at="2024-02-10T00:18:38 IST" name="parsingResponseWithSimpleApproach2" finished-at="2024-02-10T00:18:40 IST" duration-ms="1721" status="PASS">
          <reporter-output>
          </reporter-output>
        </test-method> <!-- parsingResponseWithSimpleApproach2 -->
      </class> <!-- Day4_ParsingJSonResponse.ParsingJsonResponse -->
    </test> <!-- Default test -->
  </suite> <!-- Default suite -->
</testng-results>
